#
# There is insufficient memory for the Java Runtime Environment to continue.
# Native memory allocation (malloc) failed to allocate 1048576 bytes for AllocateHeap
# Possible reasons:
#   The system is out of physical RAM or swap space
#   The process is running with CompressedOops enabled, and the Java Heap may be blocking the growth of the native heap
# Possible solutions:
#   Reduce memory load on the system
#   Increase physical memory or swap space
#   Check if swap backing store is full
#   Decrease Java heap size (-Xmx/-Xms)
#   Decrease number of Java threads
#   Decrease Java thread stack sizes (-Xss)
#   Set larger code cache with -XX:ReservedCodeCacheSize=
#   JVM is running with Unscaled Compressed Oops mode in which the Java heap is
#     placed in the first 4GB address space. The Java Heap base address is the
#     maximum limit for the native heap growth. Please use -XX:HeapBaseMinAddress
#     to set the Java Heap base and to place the Java Heap above 4GB virtual address.
# This output file may be truncated or incomplete.
#
#  Out of Memory Error (memory/allocation.inline.hpp:61), pid=21852, tid=0x0000000000005754
#
# JRE version:  (8.0_261-b12) (build )
# Java VM: Java HotSpot(TM) 64-Bit Server VM (25.261-b12 mixed mode windows-amd64 compressed oops)
# Failed to write core dump. Minidumps are not enabled by default on client versions of Windows
#

---------------  T H R E A D  ---------------

Current thread (0x000002d5447d6000):  JavaThread "Unknown thread" [_thread_in_vm, id=22356, stack(0x000000eea8a00000,0x000000eea8b00000)]

Stack: [0x000000eea8a00000,0x000000eea8b00000]
Native frames: (J=compiled Java code, j=interpreted, Vv=VM code, C=native code)
V  [jvm.dll+0x33e5f9]
V  [jvm.dll+0x2850e2]
V  [jvm.dll+0x285d8d]
V  [jvm.dll+0x27c895]
V  [jvm.dll+0x1565d]
V  [jvm.dll+0x3d87f8]
V  [jvm.dll+0x3d94ea]
V  [jvm.dll+0x3d5557]
V  [jvm.dll+0x10c61f]
V  [jvm.dll+0x21a00b]
V  [jvm.dll+0x248687]
V  [jvm.dll+0x172116]
C  [java.exe+0x2312]
C  [java.exe+0x15f64]
C  [KERNEL32.DLL+0x17c24]
C  [ntdll.dll+0x6d4d1]


---------------  P R O C E S S  ---------------

Java Threads: ( => current thread )

Other Threads:

=>0x000002d5447d6000 (exited) JavaThread "Unknown thread" [_thread_in_vm, id=22356, stack(0x000000eea8a00000,0x000000eea8b00000)]

VM state:not at safepoint (normal execution)

VM Mutex/Monitor currently owned by a thread: None

heap address: 0x0000000081e00000, size: 2018 MB, Compressed Oops mode: 32-bit
Narrow klass base: 0x0000000000000000, Narrow klass shift: 3
Compressed class space size: 1073741824 Address: 0x0000000100000000

Heap:
 PSYoungGen      total 38400K, used 665K [0x00000000d5f80000, 0x00000000d8a00000, 0x0000000100000000)
  eden space 33280K, 2% used [0x00000000d5f80000,0x00000000d6026670,0x00000000d8000000)
  from space 5120K, 0% used [0x00000000d8500000,0x00000000d8500000,0x00000000d8a00000)
  to   space 5120K, 0% used [0x00000000d8000000,0x00000000d8000000,0x00000000d8500000)
 ParOldGen       total 87552K, used 0K [0x0000000081e00000, 0x0000000087380000, 0x00000000d5f80000)
  object space 87552K, 0% used [0x0000000081e00000,0x0000000081e00000,0x0000000087380000)
 Metaspace       used 776K, capacity 4480K, committed 4480K, reserved 1056768K
  class space    used 76K, capacity 384K, committed 384K, reserved 1048576K

Card table byte_map: [0x000002d555430000,0x000002d555830000] byte_map_base: 0x000002d555021000

Marking Bits: (ParMarkBitMap*) 0x0000000064094fb0
 Begin Bits: [0x000002d555ae0000, 0x000002d557a68000)
 End Bits:   [0x000002d557a68000, 0x000002d5599f0000)

Polling page: 0x000002d544750000

CodeCache: size=245760Kb used=328Kb max_used=328Kb free=245431Kb
 bounds [0x000002d546070000, 0x000002d5462e0000, 0x000002d555070000]
 total_blobs=58 nmethods=0 adapters=38
 compilation: enabled

Compilation events (0 events):
No events

GC Heap History (0 events):
No events

Deoptimization events (0 events):
No events

Classes redefined (0 events):
No events

Internal exceptions (0 events):
No events

Events (10 events):
Event: 0.116 loading class java/lang/Short
Event: 0.116 loading class java/lang/Short done
Event: 0.116 loading class java/lang/Integer
Event: 0.116 loading class java/lang/Integer done
Event: 0.116 loading class java/lang/Long
Event: 0.117 loading class java/lang/Long done
Event: 0.117 loading class java/lang/NullPointerException
Event: 0.117 loading class java/lang/NullPointerException done
Event: 0.117 loading class java/lang/ArithmeticException
Event: 0.117 loading class java/lang/ArithmeticException done


Dynamic libraries:
0x00007ff720cf0000 - 0x00007ff720d37000 	C:\Program Files\Java\jdk1.8.0_261\bin\java.exe
0x00007ffb8a5a0000 - 0x00007ffb8a790000 	C:\Windows\SYSTEM32\ntdll.dll
0x00007ffb89980000 - 0x00007ffb89a32000 	C:\Windows\System32\KERNEL32.DLL
0x00007ffb87e80000 - 0x00007ffb88125000 	C:\Windows\System32\KERNELBASE.dll
0x00007ffb88650000 - 0x00007ffb886f3000 	C:\Windows\System32\ADVAPI32.dll
0x00007ffb88700000 - 0x00007ffb8879e000 	C:\Windows\System32\msvcrt.dll
0x00007ffb8a3d0000 - 0x00007ffb8a467000 	C:\Windows\System32\sechost.dll
0x00007ffb893e0000 - 0x00007ffb89500000 	C:\Windows\System32\RPCRT4.dll
0x00007ffb889e0000 - 0x00007ffb88b74000 	C:\Windows\System32\USER32.dll
0x00007ffb88190000 - 0x00007ffb881b1000 	C:\Windows\System32\win32u.dll
0x00007ffb88800000 - 0x00007ffb88826000 	C:\Windows\System32\GDI32.dll
0x00007ffb884b0000 - 0x00007ffb88646000 	C:\Windows\System32\gdi32full.dll
0x00007ffb88410000 - 0x00007ffb884ae000 	C:\Windows\System32\msvcp_win.dll
0x00007ffb87540000 - 0x00007ffb8763a000 	C:\Windows\System32\ucrtbase.dll
0x00007ffb6ed70000 - 0x00007ffb6eff4000 	C:\Windows\WinSxS\amd64_microsoft.windows.common-controls_6595b64144ccf1df_6.0.18362.1198_none_9e820b57e45ad92f\COMCTL32.dll
0x00007ffb89510000 - 0x00007ffb89845000 	C:\Windows\System32\combase.dll
0x00007ffb88210000 - 0x00007ffb88290000 	C:\Windows\System32\bcryptPrimitives.dll
0x00007ffb88830000 - 0x00007ffb8885e000 	C:\Windows\System32\IMM32.DLL
0x00007ffb7e400000 - 0x00007ffb7e415000 	C:\Program Files\Java\jdk1.8.0_261\jre\bin\vcruntime140.dll
0x00007ffb7e360000 - 0x00007ffb7e3fb000 	C:\Program Files\Java\jdk1.8.0_261\jre\bin\msvcp140.dll
0x00000000638a0000 - 0x000000006410c000 	C:\Program Files\Java\jdk1.8.0_261\jre\bin\server\jvm.dll
0x00007ffb89500000 - 0x00007ffb89508000 	C:\Windows\System32\PSAPI.DLL
0x00007ffb76e40000 - 0x00007ffb76e49000 	C:\Windows\SYSTEM32\WSOCK32.dll
0x00007ffb812d0000 - 0x00007ffb812da000 	C:\Windows\SYSTEM32\VERSION.dll
0x00007ffb829f0000 - 0x00007ffb82a14000 	C:\Windows\SYSTEM32\WINMM.dll
0x00007ffb89370000 - 0x00007ffb893df000 	C:\Windows\System32\WS2_32.dll
0x00007ffb829c0000 - 0x00007ffb829ed000 	C:\Windows\SYSTEM32\winmmbase.dll
0x00007ffb881c0000 - 0x00007ffb8820a000 	C:\Windows\System32\cfgmgr32.dll
0x00007ffb87480000 - 0x00007ffb87491000 	C:\Windows\System32\kernel.appcore.dll
0x00007ffb7e2a0000 - 0x00007ffb7e2b0000 	C:\Program Files\Java\jdk1.8.0_261\jre\bin\verify.dll
0x00007ffb7c3d0000 - 0x00007ffb7c3fb000 	C:\Program Files\Java\jdk1.8.0_261\jre\bin\java.dll
0x00007ffb6c430000 - 0x00007ffb6c448000 	C:\Program Files\Java\jdk1.8.0_261\jre\bin\zip.dll
0x00007ffb85d40000 - 0x00007ffb85f34000 	C:\Windows\SYSTEM32\dbghelp.dll

VM Arguments:
jvm_args: -Dfile.encoding=UTF-8 
java_command: hotel.management.systemx.HotelManagementSystemX
java_class_path (initial): C:\Users\Brajesh Mishra\Downloads\mysql-connector-java-8.0.22 (1)\mysql-connector-java-8.0.22\mysql-connector-java-8.0.22.jar;C:\Users\Brajesh Mishra\Downloads\rs2xml.jar;C:\Users\Brajesh Mishra\Documents\NetBeansProjects\Hotel Management SystemX\build\classes
Launcher Type: SUN_STANDARD

Environment Variables:
JAVA_HOME=C:\Program Files\Java\jdk-14.0.2
PATH=C:\Program Files (x86)\Common Files\Intel\Shared Files\cpp\bin\Intel64;C:\Program Files (x86)\Intel\Intel(R) Management Engine Components\iCLS\;C:\Program Files\Intel\Intel(R) Management Engine Components\iCLS\;C:\Windows\system32;C:\Windows;C:\Windows\System32\Wbem;C:\Windows\System32\WindowsPowerShell\v1.0\;C:\Windows\System32\OpenSSH\;C:\Program Files (x86)\Intel\Intel(R) Management Engine Components\DAL;C:\Program Files\Intel\Intel(R) Management Engine Components\DAL;C:\Program Files (x86)\Intel\Intel(R) Management Engine Components\IPT;C:\Program Files\Intel\Intel(R) Management Engine Components\IPT;C:\Program Files\Intel\WiFi\bin\;C:\Program Files\Common Files\Intel\WirelessCommon\;C:\Program Files\Java\jdk-14.0.2\Bin;C:\Program Files\dotnet\;C:\Program Files\Microsoft SQL Server\130\Tools\Binn\;C:\Program Files\Microsoft SQL Server\Client SDK\ODBC\170\Tools\Binn\;C:\MinGW\bin;C:\Program Files (x86)\dotnet\;C:\MinGW\bin;C:\Program Files\Java\jdk1.8.0_261\bin;C:\Program Files\MySQL\MySQL Shell 8.0\bin\;C:\Program Files\Java\jdk1.8.0_261\bin;C:\Users\Brajesh Mishra\AppData\Local\Programs\Microsoft VS Code\bin;C:\Users\Brajesh Mishra\.dotnet\tools;
USERNAME=Brajesh Mishra
OS=Windows_NT
PROCESSOR_IDENTIFIER=Intel64 Family 6 Model 142 Stepping 10, GenuineIntel



---------------  S Y S T E M  ---------------

OS: Windows 10.0 , 64 bit Build 18362 (10.0.18362.1110)

CPU:total 8 (initial active 8) (4 cores per cpu, 2 threads per core) family 6 model 142 stepping 10, cmov, cx8, fxsr, mmx, sse, sse2, sse3, ssse3, sse4.1, sse4.2, popcnt, avx, avx2, aes, clmul, erms, 3dnowpref, lzcnt, ht, tsc, tscinvbit, bmi1, bmi2, adx

Memory: 4k page, physical 8264844k(740464k free), swap 33430668k(3116k free)

vm_info: Java HotSpot(TM) 64-Bit Server VM (25.261-b12) for windows-amd64 JRE (1.8.0_261-b12), built on Jun 18 2020 06:56:32 by "" with unknown MS VC++:1916

time: Fri Jan  8 17:46:01 2021
timezone: India Standard Time
elapsed time: 0 seconds (0d 0h 0m 0s)

